2026-02-20 23:10:31,588 - INFO - Starting data processing
2026-02-20 23:10:31,588 - INFO - Filtered records: 0
2026-02-20 23:10:31,588 - INFO - Average value: 0.0
2026-02-20 23:22:22,935 - INFO - Starting data processing
2026-02-20 23:22:22,942 - INFO - Filtered records: 5
2026-02-20 23:22:22,942 - INFO - Average value: 32.6
2026-02-20 23:28:04,693 - INFO - Starting data processing
2026-02-20 23:28:04,693 - INFO - Filtered records: 4
2026-02-20 23:28:04,693 - INFO - Average value: 36.25
2026-02-21 00:04:17,873 - INFO - Starting data processing with threshold 20.0
2026-02-21 00:04:17,874 - INFO - Data written successfully to data/filtered_output.csv
2026-02-21 00:44:08,709 - INFO - Starting data processing with threshold 20.0
2026-02-21 00:44:08,728 - INFO - Database table ensured.
2026-02-21 00:44:08,738 - INFO - 4 records inserted into database.
2026-02-21 00:44:08,738 - INFO - Data written successfully to data/filtered_output.csv
2026-02-21 01:01:29,969 - INFO - All records deleted from database.
2026-02-21 01:25:36,775 - INFO - Starting data processing with threshold 20.0
2026-02-21 01:25:36,779 - INFO - Data written successfully to data/filtered_output.csv
2026-02-21 02:05:07,770 - INFO - Starting data processing with threshold 20.0
2026-02-21 02:05:07,781 - INFO - Data written successfully to data/filtered_output.csv
